<?xml version="1.0" encoding="UTF-8"?>
<testng-results ignored="0" total="1" passed="1" failed="0" skipped="0">
  <reporter-output>
  </reporter-output>
  <suite started-at="2022-05-25T21:49:18 IST" name="Suite" finished-at="2022-05-25T21:50:18 IST" duration-ms="60231">
    <groups>
      <group name="cucumber">
        <method signature="AbstractTestNGCucumberTests.runScenario(io.cucumber.testng.PickleWrapper,io.cucumber.testng.FeatureWrapper)[pri:0, instance:cucumberOptions.Testrunner@7674f035]" name="runScenario" class="io.cucumber.testng.AbstractTestNGCucumberTests"/>
      </group> <!-- cucumber -->
    </groups>
    <test started-at="2022-05-25T21:49:18 IST" name="Test" finished-at="2022-05-25T21:50:18 IST" duration-ms="60231">
      <class name="cucumberOptions.Testrunner">
        <test-method is-config="true" signature="setUpClass(org.testng.ITestContext)[pri:0, instance:cucumberOptions.Testrunner@7674f035]" started-at="2022-05-25T21:49:18 IST" name="setUpClass" finished-at="2022-05-25T21:49:18 IST" duration-ms="236" status="PASS">
          <params>
            <param index="0">
              <value>
                <![CDATA[org.testng.TestRunner@435cc7f9]]>
              </value>
            </param>
          </params>
          <reporter-output>
          </reporter-output>
        </test-method> <!-- setUpClass -->
        <test-method signature="runScenario(io.cucumber.testng.PickleWrapper,io.cucumber.testng.FeatureWrapper)[pri:0, instance:cucumberOptions.Testrunner@7674f035]" started-at="2022-05-25T21:49:18 IST" name="runScenario" description="Runs Cucumber Scenarios" data-provider="scenarios" finished-at="2022-05-25T21:50:18 IST" duration-ms="59945" status="PASS">
          <params>
            <param index="0">
              <value>
                <![CDATA["User logs into Gmail account to send an email"]]>
              </value>
            </param>
            <param index="1">
              <value>
                <![CDATA["Optional[Compose and send mail through Gmail account]"]]>
              </value>
            </param>
          </params>
          <reporter-output>
          </reporter-output>
        </test-method> <!-- runScenario -->
        <test-method is-config="true" signature="tearDownClass()[pri:0, instance:cucumberOptions.Testrunner@7674f035]" started-at="2022-05-25T21:50:18 IST" name="tearDownClass" finished-at="2022-05-25T21:50:18 IST" duration-ms="12" status="PASS">
          <reporter-output>
          </reporter-output>
        </test-method> <!-- tearDownClass -->
      </class> <!-- cucumberOptions.Testrunner -->
    </test> <!-- Test -->
  </suite> <!-- Suite -->
</testng-results>
